<?xml version="1.0" encoding="UTF-8"?>
<!-- Generated by org.testng.reporters.JUnitReportReporter -->
<testsuite skipped="0" hostname="MT-7JZHRT2" name="adidas.adidas.EguestCheckout" tests="1" failures="0" timestamp="2021-06-18T18:21:39 IST" time="66.677" errors="0">
  <testcase name="testingEguestCheckout" time="66.677" classname="adidas.adidas.EguestCheckout"/>
  <system-out/>
</testsuite> <!-- adidas.adidas.EguestCheckout -->
